<?xml version="1.0" encoding="UTF-8"?>
<testsuite name="client.RequestBuilderTest" tests="4" skipped="0" failures="0" errors="0" timestamp="2015-06-26T11:46:45" hostname="POLSKA-PC" time="0.013">
  <properties/>
  <testcase name="testGetFaceFiles" classname="client.RequestBuilderTest" time="0.001"/>
  <testcase name="testGetFingerFile" classname="client.RequestBuilderTest" time="0.0"/>
  <testcase name="testBuildPostRequest" classname="client.RequestBuilderTest" time="0.01"/>
  <testcase name="testBuildHttpEntity" classname="client.RequestBuilderTest" time="0.0"/>
  <system-out><![CDATA[tesitng
]]></system-out>
  <system-err><![CDATA[]]></system-err>
</testsuite>
